0 info it worked if it ends with ok
1 verbose cli [ 'D:\\cygwin64\\bin\\node.exe',
1 verbose cli   'D:\\cygwin64\\bin\\node_modules\\npm\\bin\\npm-cli.js',
1 verbose cli   'run',
1 verbose cli   'server' ]
2 info using npm@3.9.0
3 info using node@v4.4.4
4 verbose run-script [ 'preserver', 'server', 'postserver' ]
5 info lifecycle electron-quick-start@1.0.0~preserver: electron-quick-start@1.0.0
6 silly lifecycle electron-quick-start@1.0.0~preserver: no script for preserver, continuing
7 info lifecycle electron-quick-start@1.0.0~server: electron-quick-start@1.0.0
8 verbose lifecycle electron-quick-start@1.0.0~server: unsafe-perm in lifecycle true
9 verbose lifecycle electron-quick-start@1.0.0~server: PATH: D:\cygwin64\bin\node_modules\npm\bin\node-gyp-bin;D:\MPDesktop\node_modules\.bin;D:\cygwin64\bin;C:\Program Files\xampp\php;C:\Program Files (x86)\xampp\php;D:\cygwin64\home\prk\bin;D:\cygwin64\usr\local\bin;C:\Program Files\xampp\php;C:\Program Files (x86)\xampp\php;D:\cygwin64\home\prk\bin;D:\cygwin64\usr\local\bin;D:\cygwin64\usr\local\bin;D:\cygwin64\bin;C:\Program Files (x86)\Seagate Software\NOTES;C:\Program Files (x86)\Seagate Software\NOTES\DATA;C:\Program Files (x86)\Java\jdk1.6.0_24\bin;C:\Python27\Lib\site-packages\PyQt4;C:\Program Files (x86)\Common Files\Intel\Shared Files\cpp\bin\ia32;C:\ProgramData\Oracle\Java\javapath;C:\Windows\system32;C:\Windows;C:\Windows\System32\Wbem;C:\Program Files\Microsoft SQL Server\110\DTS\Binn;C:\Program Files (x86)\Microsoft SQL Server\110\Tools\Binn;C:\Program Files\Microsoft SQL Server\110\Tools\Binn;C:\Program Files (x86)\Microsoft SQL Server\110\Tools\Binn\ManagementStudio;C:\Program Files (x86)\Microsoft Visual Studio 10.0\Common7\IDE\PrivateAssemblies;C:\Program Files (x86)\Microsoft SQL Server\110\DTS\Binn;C:\Program Files (x86)\Microsoft SDKs\TypeScript\1.0;C:\Program Files\Microsoft SQL Server\120\Tools\Binn;C:\Program Files\Microsoft\Web Platform Installer;%USERPROFILE%\.dnx\bin;C:\Program Files\Microsoft DNX\Dnvm;C:\Program Files (x86)\Microsoft SDKs\Azure\CLI\wbin;C:\Windows\System32\WindowsPowerShell\v1.0;C:\Windows\System32\WindowsPowerShell\v1.0;C:\Python27;C:\Python27\DLLs;C:\Python27\Scripts;C:\Python27\Lib\site-packages\vtk;C:\Python27\gnuplot\binary;C:\Program Files (x86)\pythonxy\SciTE-3.1.0;C:\Program Files (x86)\pythonxy\console;C:\MinGW32-xy\bin;C:\Program Files (x86)\Microsoft SQL Server\100\Tools\Binn;C:\Program Files\Microsoft SQL Server\100\Tools\Binn;C:\Program Files\Microsoft SQL Server\100\DTS\Binn;C:\Program Files (x86)\cvsnt;C:\Program Files\Common Files\Autodesk Shared;C:\Program Files (x86)\Autodesk\Backburner;C:\Program Files (x86)\Git\cmd;C:\Program Files (x86)\nodejs;C:\Users\prk\AppData\Roaming\npm;D:\cygwin64\home\prk\.fzf\bin
10 verbose lifecycle electron-quick-start@1.0.0~server: CWD: D:\MPDesktop
11 silly lifecycle electron-quick-start@1.0.0~server: Args: [ '/d /s /c', 'node server.js' ]
12 silly lifecycle electron-quick-start@1.0.0~server: Returned: code: 1  signal: null
13 info lifecycle electron-quick-start@1.0.0~server: Failed to exec server script
14 verbose stack Error: electron-quick-start@1.0.0 server: `node server.js`
14 verbose stack Exit status 1
14 verbose stack     at EventEmitter.<anonymous> (D:\cygwin64\bin\node_modules\npm\lib\utils\lifecycle.js:245:16)
14 verbose stack     at emitTwo (events.js:87:13)
14 verbose stack     at EventEmitter.emit (events.js:172:7)
14 verbose stack     at ChildProcess.<anonymous> (D:\cygwin64\bin\node_modules\npm\lib\utils\spawn.js:24:14)
14 verbose stack     at emitTwo (events.js:87:13)
14 verbose stack     at ChildProcess.emit (events.js:172:7)
14 verbose stack     at maybeClose (internal/child_process.js:827:16)
14 verbose stack     at Process.ChildProcess._handle.onexit (internal/child_process.js:211:5)
15 verbose pkgid electron-quick-start@1.0.0
16 verbose cwd D:\MPDesktop
17 error Windows_NT 6.1.7601
18 error argv "D:\\cygwin64\\bin\\node.exe" "D:\\cygwin64\\bin\\node_modules\\npm\\bin\\npm-cli.js" "run" "server"
19 error node v4.4.4
20 error npm  v3.9.0
21 error code ELIFECYCLE
22 error electron-quick-start@1.0.0 server: `node server.js`
22 error Exit status 1
23 error Failed at the electron-quick-start@1.0.0 server script 'node server.js'.
23 error Make sure you have the latest version of node.js and npm installed.
23 error If you do, this is most likely a problem with the electron-quick-start package,
23 error not with npm itself.
23 error Tell the author that this fails on your system:
23 error     node server.js
23 error You can get information on how to open an issue for this project with:
23 error     npm bugs electron-quick-start
23 error Or if that isn't available, you can get their info via:
23 error     npm owner ls electron-quick-start
23 error There is likely additional logging output above.
24 verbose exit [ 1, true ]
